python main_coco2.py --lr 0.003 --lmbd1 100000 --lmbd2 10 --anneal 100
train environment:  43
['/coyote', '/raccoon']
class_indices:  [(0, '/coyote'), (1, '/raccoon')]
train environment:  46
['/coyote', '/raccoon']
class_indices:  [(0, '/coyote'), (1, '/raccoon')]
['/coyote', '/raccoon']

working with 2 training environments: 
env['images']:  858
env['labels']:  858
class distribution:  582 coyotes and 276 raccoons. baseline accuracy 0.68 (always coyote).
env['images']:  753
env['labels']:  753
class distribution:  512 coyotes and 241 raccoons. baseline accuracy 0.68 (always coyote).
x_test:  522
y_test:  522
test class distribution:  144 coyotes and 378 raccoons. baseline accuracy 0.28 (always coyote).
Using GPU - True

========================================COCO========================================
{'n_restarts': 1, 'steps': 2001, 'n_classes': 2, 'fc_only': True, 'model_path': './models/', 'transform': {'train': Compose(
    CenterCrop(size=(224, 224))
    ToTensor()
    Normalize(mean=[0.485, 0.456, 0.406], std=[0.229, 0.224, 0.225])
), 'test': Compose(
    CenterCrop(size=(224, 224))
    ToTensor()
    Normalize(mean=[0.485, 0.456, 0.406], std=[0.229, 0.224, 0.225])
)}, 'loader_tr_args': {'batch_size': 100, 'num_workers': 1}, 'loader_te_args': {'batch_size': 100, 'num_workers': 1}, 'loader_sample_args': {'batch_size': 100, 'num_workers': 1}}
step            loss            train nll       train acc       dir_w           inv_w           test nll        test acc        test prec       test rec     
0               0.69644         0.69640         0.47178         1.46467e-06     3.86227e-05     0.76305         0.26364         0.00000         0.00000      
10              0.60725         0.60694         0.67465         5.11021e-07     0.00032         0.85919         0.28727         0.00000         0.00000      
20              0.54976         0.52719         0.67721         1.83203e-06     0.02256         0.70917         0.29318         0.00000         0.00000      
30              0.50034         0.46748         0.84866         2.08159e-06     0.03286         0.66494         0.45561         0.78857         0.36508      
40              0.46031         0.42741         0.85565         2.24012e-06     0.03290         0.60293         0.72621         0.84058         0.76720      
50              0.42523         0.39309         0.86616         2.22138e-06     0.03214         0.63895         0.57015         0.82203         0.51323      
60              0.39724         0.36874         0.86669         2.17124e-06     0.02850         0.66701         0.51909         0.81731         0.44974      
70              0.36803         0.34022         0.87787         2.09632e-06     0.02780         0.74732         0.46576         0.80864         0.34656      
80              0.34431         0.31740         0.89048         1.97992e-06     0.02691         0.80600         0.44258         0.80620         0.27513      
90              0.32230         0.29739         0.89489         1.93599e-06     0.02491         0.87358         0.40818         0.81651         0.23545      
100             1986.25037      0.28122         0.89832         0.17861         1985.79053      0.60598         0.65621         0.82712         0.64550      
110             290.25369       0.36435         0.84921         0.40300         289.48633       0.38937         0.88167         0.84340         0.99735      
120             102.83337       0.33277         0.86308         0.33363         102.16698       0.42023         0.86076         0.84651         0.96296      
130             81.60031        0.31641         0.87100         0.32390         80.96000        0.47411         0.80288         0.85213         0.89947      
140             7.61791         0.31102         0.87173         0.31670         6.99019         0.51243         0.75015         0.84392         0.84392      
150             12.63920        0.31049         0.87316         0.31678         12.01193        0.46062         0.79561         0.84635         0.85979      
160             4.29819         0.30988         0.87249         0.31302         3.67529         0.48992         0.76955         0.84433         0.84656      
170             12.07972        0.30669         0.87198         0.31097         11.46207        0.50298         0.76970         0.84140         0.82804      
180             0.94158         0.30681         0.87091         0.30293         0.33184         0.49341         0.77727         0.84182         0.83069      
190             8.06528         0.30381         0.87361         0.27691         7.48456         0.51966         0.76894         0.84153         0.81481      
200             2.84496         0.30440         0.87489         0.30681         2.23375         0.52544         0.74530         0.84153         0.81481      
210             9.24066         0.30035         0.87647         0.29724         8.64307         0.51603         0.75712         0.84153         0.81481      
220             11.47120        0.30078         0.87627         0.30094         10.86948        0.48682         0.76879         0.84267         0.83598      
230             6.35079         0.30860         0.86915         0.31204         5.73016         0.49221         0.76970         0.84140         0.82804      
240             1.57923         0.30386         0.87276         0.30497         0.97040         0.50020         0.76530         0.84474         0.84921      
250             5.18167         0.29899         0.87391         0.29752         4.58516         0.47786         0.77970         0.84392         0.84392      
260             2.77801         0.30409         0.86961         0.30243         2.17149         0.50304         0.76727         0.84110         0.81217      
270             5.40707         0.30091         0.87255         0.30426         4.80190         0.49663         0.76970         0.84140         0.82804      
280             1.54703         0.30239         0.87122         0.30362         0.94102         0.48500         0.77894         0.84225         0.83333      
290             7.02891         0.30125         0.87253         0.30938         6.41827         0.46911         0.79879         0.84987         0.88360      
300             21.37825        0.30449         0.87030         0.30817         20.76559        0.46307         0.81303         0.85176         0.89683      
310             1.73615         0.30704         0.86572         0.31418         1.11493         0.49543         0.76697         0.84514         0.85185      
320             3.76628         0.30310         0.87184         0.29714         3.16604         0.51647         0.75879         0.84196         0.81746      
330             2.93092         0.30381         0.86868         0.31178         2.31533         0.49773         0.76939         0.84715         0.86508      
340             7.50597         0.30860         0.86786         0.30960         6.88777         0.47319         0.77545         0.84433         0.84656      
350             2.54404         0.30912         0.86568         0.30902         1.92590         0.44381         0.83576         0.85112         0.90741      
360             5.20821         0.30897         0.86557         0.31942         4.57982         0.45538         0.82470         0.85258         0.91799      
370             3.76565         0.31094         0.86422         0.31423         3.14047         0.47495         0.79788         0.85101         0.89153      
380             7.59561         0.31188         0.86320         0.32168         6.96205         0.47546         0.80545         0.84962         0.89683      
390             2.59193         0.31240         0.86011         0.33135         1.94817         0.46289         0.82455         0.85000         0.94444      
400             7.92190         0.29934         0.87171         0.30208         7.32048         0.48968         0.77864         0.84794         0.87037      
410             3.86042         0.30520         0.86756         0.31513         3.24009         0.48057         0.77788         0.84635         0.85979      
420             2.59826         0.30235         0.86605         0.31118         1.98473         0.44810         0.82636         0.84783         0.92857      
430             1.05596         0.30752         0.86628         0.30713         0.44131         0.49947         0.76439         0.84595         0.85714      
440             8.35129         0.31003         0.86446         0.31416         7.72710         0.49226         0.79136         0.84675         0.86243      
450             5.06518         0.30690         0.86558         0.31617         4.44210         0.46271         0.80879         0.85037         0.90212      
460             2.82705         0.30913         0.86703         0.31372         2.20420         0.49019         0.76515         0.84755         0.86772      
470             1.57398         0.30194         0.87011         0.30564         0.96640         0.50804         0.77530         0.84715         0.86508      
480             7.17252         0.30806         0.85993         0.30187         6.56259         0.45510         0.82136         0.85012         0.91534      
490             2.80893         0.30137         0.87184         0.29961         2.20794         0.46841         0.78970         0.84635         0.85979      
500             2.52844         0.30113         0.87050         0.29833         1.92898         0.47026         0.79561         0.84635         0.85979      
510             4.62654         0.30462         0.86778         0.30806         4.01385         0.49444         0.78212         0.84595         0.85714      
520             1.22208         0.30317         0.86733         0.30903         0.60989         0.46701         0.81712         0.85049         0.91799      
530             2.03656         0.30626         0.86711         0.30632         1.42399         0.46242         0.83545         0.85106         0.95238      
540             6.05387         0.30080         0.86738         0.30789         5.44518         0.44359         0.83394         0.84988         0.92857      
550             2.05344         0.30513         0.86630         0.30783         1.44048         0.46893         0.80136         0.84910         0.87831      
560             1.99644         0.30187         0.86629         0.30815         1.38642         0.47846         0.79379         0.84872         0.87566      
570             2.17480         0.30788         0.86242         0.31737         1.54955         0.48301         0.78530         0.84596         0.88624      
580             0.77657         0.30857         0.86696         0.31420         0.15381         0.46561         0.80955         0.85012         0.91534      
590             3.05708         0.30764         0.86551         0.31159         2.43785         0.48359         0.80303         0.84949         0.88095      
600             15.58062        0.31389         0.86169         0.31595         14.95079        0.47585         0.79864         0.84901         0.90741      
610             1.76826         0.30540         0.86994         0.30225         1.16062         0.47381         0.80227         0.84794         0.87037      
620             0.81733         0.30584         0.86782         0.30888         0.20260         0.44943         0.82985         0.84938         0.91005      
630             4.94750         0.30005         0.87147         0.29489         4.35256         0.47595         0.79636         0.84794         0.87037      
640             2.87840         0.30685         0.86484         0.31322         2.25834         0.48705         0.79303         0.84715         0.86508      
650             4.91196         0.30901         0.86523         0.31603         4.28692         0.44139         0.82818         0.84729         0.91005      
660             1.53695         0.30492         0.86758         0.30239         0.92964         0.46910         0.82379         0.85024         0.93122      
670             3.46145         0.30440         0.86637         0.29209         2.86496         0.49915         0.76955         0.84433         0.84656      
680             12.50433        0.30110         0.86947         0.29122         11.91201        0.51280         0.76030         0.84350         0.84127      
690             4.70015         0.30746         0.86607         0.30283         4.08986         0.47170         0.80409         0.84555         0.85450      
700             0.99287         0.30406         0.86771         0.29691         0.39190         0.49531         0.78106         0.84810         0.88624      
710             3.13869         0.30732         0.86428         0.30687         2.52450         0.45531         0.82152         0.84750         0.89683      
720             0.71488         0.30402         0.86668         0.30397         0.10690         0.46659         0.80561         0.84872         0.87566      
730             1.87623         0.30651         0.86526         0.30602         1.26369         0.46713         0.82712         0.84928         0.93915      
740             1.43469         0.30469         0.86579         0.30655         0.82345         0.47869         0.79212         0.84833         0.87302      
750             1.13889         0.30705         0.86937         0.30623         0.52561         0.44289         0.84061         0.84964         0.94180      
760             2.46251         0.30833         0.86406         0.30943         1.84476         0.48634         0.78879         0.84755         0.86772      
770             2.82496         0.30901         0.86353         0.31375         2.20219         0.45128         0.84227         0.85000         0.94444      
780             5.64696         0.30663         0.86540         0.30522         5.03511         0.43774         0.84985         0.85036         0.94709      
790             2.79996         0.30651         0.86644         0.31294         2.18050         0.47036         0.81788         0.85024         0.93122      
800             1.03642         0.30420         0.86671         0.30464         0.42758         0.43505         0.84394         0.84870         0.94974      
810             6.98377         0.30024         0.87290         0.29342         6.39011         0.44136         0.83409         0.84729         0.91005      
820             3.57412         0.30271         0.86567         0.29934         2.97206         0.45168         0.82985         0.84938         0.91005      
830             5.73497         0.30274         0.86632         0.30399         5.12823         0.44943         0.84227         0.85167         0.94180      
840             4.26314         0.31266         0.86103         0.31467         3.63581         0.49710         0.80030         0.84938         0.91005      
850             0.86268         0.30460         0.86818         0.29569         0.26240         0.45740         0.83818         0.84951         0.92593      
860             3.05710         0.30114         0.86718         0.29545         2.46050         0.49738         0.79136         0.84675         0.86243      
870             0.81210         0.30461         0.86494         0.30438         0.20311         0.44263         0.84152         0.85024         0.93122      
880             2.90728         0.30890         0.86644         0.30931         2.28907         0.44346         0.84394         0.84543         0.95503      
890             0.80000         0.30900         0.86106         0.30557         0.18543         0.45206         0.84318         0.85060         0.93386      
900             8.00754         0.30411         0.86529         0.29869         7.40475         0.46391         0.83061         0.84915         0.92328      
910             1.21268         0.30655         0.86547         0.30285         0.60328         0.49036         0.80682         0.84670         0.94974      
920             2.74394         0.30807         0.86261         0.30652         2.12934         0.47375         0.81288         0.84915         0.92328      
930             0.72364         0.30654         0.86526         0.30506         0.11204         0.44963         0.83636         0.84834         0.94709      
940             1.13164         0.30699         0.86232         0.31035         0.51430         0.48394         0.81273         0.84670         0.94974      
950             2.69213         0.30805         0.86310         0.30023         2.08385         0.44808         0.84485         0.85096         0.93651      
960             2.15465         0.30854         0.86232         0.31234         1.53377         0.44872         0.84212         0.84758         0.97090      
970             6.02036         0.30968         0.86077         0.31000         5.40068         0.43604         0.84303         0.84651         0.96296      
980             3.12398         0.30352         0.86448         0.29305         2.52742         0.48611         0.80697         0.84915         0.92328      
990             4.30750         0.31143         0.86201         0.30955         3.68651         0.44286         0.84470         0.84687         0.96561      
1000            2.28267         0.30653         0.86375         0.30118         1.67497         0.44126         0.85227         0.84722         0.96825      
1010            2.85249         0.30827         0.85844         0.31687         2.22735         0.45639         0.83621         0.84758         0.97090      
1020            1.33029         0.30780         0.86106         0.30901         0.71348         0.43785         0.84894         0.84651         0.96296      
1030            5.36277         0.30869         0.86125         0.31045         4.74362         0.44937         0.84470         0.84687         0.96561      
1040            1.73693         0.30536         0.86234         0.30224         1.12932         0.46074         0.83394         0.84988         0.92857      
1050            4.42725         0.30256         0.86430         0.30204         3.82265         0.45246         0.84136         0.84615         0.96032      
1060            1.13870         0.30776         0.86248         0.30953         0.52140         0.41627         0.86742         0.84633         0.97619      
1070            1.52341         0.30761         0.86312         0.30813         0.90767         0.45500         0.84470         0.84687         0.96561      
1080            6.77329         0.30639         0.86065         0.30437         6.16253         0.44172         0.85061         0.84687         0.96561      
1090            2.53121         0.30749         0.86297         0.30200         1.92172         0.44224         0.84212         0.84758         0.97090      
1100            1.49726         0.30703         0.86526         0.29829         0.89193         0.46371         0.82697         0.84687         0.96561      
1110            0.78812         0.31086         0.85778         0.31828         0.15898         0.43097         0.85652         0.84687         0.96561      
1120            1.87197         0.30597         0.86358         0.30711         1.25890         0.42749         0.85652         0.84687         0.96561      
1130            2.30975         0.30960         0.86168         0.31096         1.68919         0.43784         0.85061         0.84687         0.96561      
1140            1.14115         0.30611         0.86250         0.29981         0.53523         0.43166         0.84803         0.84758         0.97090      
1150            3.54024         0.30377         0.86632         0.30243         2.93404         0.43898         0.85561         0.84633         0.97619      
1160            5.07673         0.31498         0.85785         0.31851         4.44325         0.45826         0.83879         0.84687         0.96561      
1170            5.67184         0.31329         0.85994         0.31797         5.04059         0.43568         0.85227         0.84722         0.96825      
1180            5.88019         0.30180         0.86653         0.29737         5.28102         0.44517         0.84136         0.84615         0.96032      
1190            3.13763         0.30667         0.86472         0.30400         2.52697         0.43211         0.85652         0.84687         0.96561      
1200            4.16279         0.31008         0.86151         0.31543         3.53728         0.44292         0.84712         0.84389         0.98677      
1210            0.96844         0.30796         0.86405         0.30981         0.35068         0.45560         0.83879         0.84687         0.96561      
1220            3.76287         0.30725         0.85981         0.30955         3.14606         0.42808         0.86242         0.84687         0.96561      
1230            5.30634         0.31233         0.85849         0.31597         4.67804         0.43536         0.85652         0.84687         0.96561      
1240            8.00866         0.31438         0.85780         0.31963         7.37465         0.42496         0.86318         0.84668         0.97884      
1250            0.98327         0.30805         0.86193         0.30693         0.36828         0.44451         0.85061         0.84687         0.96561      
1260            5.27348         0.29848         0.86810         0.28663         4.68837         0.43640         0.84470         0.84687         0.96561      
1270            2.11361         0.30928         0.85840         0.31231         1.49202         0.43372         0.86242         0.84687         0.96561      
1280            3.85542         0.30526         0.86312         0.29828         3.25189         0.42233         0.86242         0.84687         0.96561      
1290            1.21102         0.30889         0.86304         0.30673         0.59540         0.44508         0.83879         0.84687         0.96561      
1300            1.80839         0.30911         0.86075         0.30386         1.19542         0.44945         0.83879         0.84687         0.96561      
1310            2.93150         0.31017         0.85978         0.30676         2.31457         0.41379         0.87500         0.84668         0.97884      
1320            2.04853         0.30942         0.85974         0.30021         1.43891         0.43402         0.85727         0.84668         0.97884      
1330            1.42647         0.31166         0.85765         0.31492         0.79989         0.43292         0.86318         0.84828         0.97619      
1340            4.98012         0.31425         0.85742         0.31502         4.35084         0.41493         0.86742         0.84475         0.97884      
1350            9.04630         0.30070         0.86510         0.29059         8.45501         0.46705         0.83288         0.84687         0.96561      
1360            0.67231         0.31021         0.86081         0.30723         0.05486         0.44800         0.84636         0.84722         0.96825      
1370            1.57738         0.30791         0.86177         0.30648         0.96298         0.43618         0.85894         0.84545         0.98413      
1380            3.82818         0.30492         0.85894         0.30382         3.21944         0.47195         0.82182         0.84828         0.97619      
1390            1.04439         0.30928         0.85987         0.30531         0.42979         0.43236         0.85818         0.84722         0.96825      
1400            0.70836         0.30539         0.86597         0.30113         0.10184         0.42869         0.85818         0.84722         0.96825      
1410            9.99652         0.30796         0.85939         0.29709         9.39146         0.45687         0.84470         0.84687         0.96561      
1420            1.72744         0.30423         0.86152         0.30496         1.11824         0.44968         0.83955         0.84668         0.97884      
1430            1.21754         0.30598         0.86162         0.29625         0.61530         0.44673         0.83879         0.84687         0.96561      
1440            4.99763         0.30375         0.86515         0.28970         4.40419         0.44045         0.84985         0.84543         0.95503      
1450            8.57901         0.29849         0.86744         0.28744         7.99308         0.44464         0.85061         0.84687         0.96561      
1460            1.24453         0.30640         0.86264         0.29267         0.64545         0.46379         0.83045         0.84670         0.94974      
1470            4.91949         0.31169         0.85684         0.31228         4.29551         0.44245         0.85742         0.84579         0.95767      
1480            2.23513         0.30972         0.85850         0.31059         1.61482         0.42788         0.85136         0.84354         0.98413      
1490            1.23943         0.30966         0.86011         0.30156         0.62821         0.43323         0.85727         0.84354         0.98413      
1500            2.55954         0.31492         0.85724         0.31785         1.92677         0.45467         0.83197         0.84475         0.97884      
1510            7.89566         0.31610         0.85561         0.31928         7.26028         0.41616         0.86152         0.84475         0.97884      
1520            2.60894         0.31093         0.85453         0.30980         1.98821         0.43125         0.86152         0.84475         0.97884      
1530            2.17743         0.31054         0.85525         0.30919         1.55771         0.46785         0.82939         0.84862         0.97884      
1540            1.13355         0.30863         0.85947         0.30578         0.51914         0.42845         0.85561         0.84793         0.97354      
1550            0.72308         0.30770         0.86279         0.29317         0.12221         0.44971         0.84379         0.84475         0.97884      
1560            0.67491         0.30967         0.86088         0.30401         0.06122         0.43929         0.85136         0.84828         0.97619      
1570            8.67853         0.30736         0.86218         0.29733         8.07384         0.43755         0.84212         0.84758         0.97090      
1580            1.88750         0.30522         0.86053         0.29726         1.28502         0.42720         0.85818         0.84722         0.96825      
1590            3.11119         0.30384         0.86207         0.29334         2.51401         0.41223         0.87242         0.84270         0.99206      
1600            0.91539         0.30995         0.85917         0.30765         0.29779         0.40912         0.87076         0.84234         0.98942      
1610            2.03854         0.31218         0.85456         0.30257         1.42380         0.44592         0.84121         0.84234         0.98942      
1620            2.03212         0.30630         0.86026         0.30116         1.42467         0.43612         0.85727         0.84510         0.98148      
1630            4.07160         0.31430         0.85460         0.30454         3.45276         0.44197         0.83955         0.84828         0.97619      
1640            5.97803         0.31312         0.85441         0.30738         5.35753         0.43066         0.85303         0.84234         0.98942      
1650            7.31551         0.30500         0.86034         0.29419         6.71633         0.43018         0.85303         0.84234         0.98942      
1660            3.64727         0.31086         0.85525         0.30055         3.03586         0.43749         0.84712         0.84234         0.98942      
1670            0.91097         0.31097         0.85482         0.31368         0.28633         0.41825         0.86652         0.84270         0.99206      
1680            2.27050         0.30824         0.85222         0.31174         1.65052         0.41533         0.86818         0.84305         0.99471      
1690            2.05093         0.31434         0.85212         0.31581         1.42079         0.43724         0.84879         0.84270         0.99206      
1700            1.91243         0.30684         0.86019         0.30550         1.30008         0.41373         0.86818         0.84305         0.99471      
1710            1.43738         0.31009         0.85636         0.30307         0.82422         0.43938         0.84879         0.84270         0.99206      
1720            3.46942         0.31247         0.85921         0.31467         2.84229         0.41337         0.86652         0.84270         0.99206      
1730            3.54448         0.30634         0.85915         0.29971         2.93843         0.41950         0.86061         0.84270         0.99206      
1740            1.06517         0.31065         0.85710         0.30116         0.45336         0.44373         0.85136         0.84510         0.98148      
1750            1.09848         0.30933         0.85828         0.30358         0.48557         0.44453         0.83955         0.84510         0.98148      
1760            7.52079         0.31586         0.85399         0.30386         6.90107         0.43767         0.84712         0.84234         0.98942      
1770            5.11571         0.30677         0.85598         0.29980         4.50915         0.43346         0.86652         0.84270         0.99206      
1780            1.65424         0.31320         0.85552         0.30256         1.03848         0.43458         0.85636         0.84305         0.99471      
1790            1.06309         0.31020         0.85571         0.30016         0.45273         0.44825         0.83197         0.84163         0.98413      
1800            1.89087         0.30974         0.85703         0.30917         1.27197         0.41987         0.87242         0.84270         0.99206      
1810            0.78864         0.30931         0.85679         0.30296         0.17638         0.43203         0.85470         0.84270         0.99206      
1820            3.76533         0.30782         0.85820         0.29836         3.15915         0.39887         0.88000         0.84305         0.99471      
1830            0.79272         0.31116         0.85846         0.30713         0.17443         0.41638         0.86061         0.84270         0.99206      
1840            4.66056         0.30995         0.85546         0.29939         4.05123         0.42062         0.87242         0.84270         0.99206      
1850            9.83973         0.30469         0.85861         0.29283         9.24220         0.41152         0.88000         0.84305         0.99471      
1860            0.72416         0.31162         0.85403         0.30337         0.10917         0.42900         0.85470         0.84270         0.99206      
1870            6.21715         0.30556         0.85527         0.29354         5.61805         0.42652         0.86652         0.84270         0.99206      
1880            3.19273         0.30788         0.85550         0.29263         2.59222         0.42916         0.86485         0.84234         0.98942      
1890            3.36468         0.31524         0.84938         0.31399         2.73545         0.42575         0.86227         0.84305         0.99471      
1900            1.51166         0.31296         0.85150         0.31050         0.88820         0.43055         0.86652         0.84270         0.99206      
1910            2.70450         0.31157         0.85070         0.30767         2.08525         0.43487         0.86061         0.84270         0.99206      
1920            2.67456         0.31432         0.85083         0.30855         2.05169         0.42792         0.86061         0.84270         0.99206      
1930            1.08344         0.30727         0.85656         0.29788         0.47829         0.42936         0.85636         0.84305         0.99471      
1940            2.32287         0.31171         0.85810         0.30928         1.70188         0.41908         0.86227         0.84305         0.99471      
1950            3.50016         0.30579         0.85861         0.28699         2.90737         0.42936         0.86652         0.84270         0.99206      
1960            3.03364         0.31116         0.85369         0.30733         2.41515         0.43361         0.85636         0.84305         0.99471      
1970            13.79317        0.31690         0.85037         0.30997         13.16629        0.42311         0.86818         0.84305         0.99471      
1980            2.01063         0.31075         0.85684         0.30781         1.39208         0.43777         0.86061         0.84270         0.99206      
1990            2.41266         0.30470         0.86059         0.29147         1.81650         0.42303         0.86652         0.84270         0.99206      
2000            4.07984         0.30608         0.85806         0.29623         3.47753         0.43825         0.84970         0.84163         0.98413      
Final train acc (mean/std):
0.858 0.0
Final test acc (mean/std):
0.85 0.0
Final test precision:
0.8416
Final test recall:
0.9841
confusion matrix:
[[ 74  70]
 [  6 372]]
tn = 74, fp = 70, fn = 6, tp = 372
